

        === EMAIL DE RÉINITIALISATION DATAALIGN ===
        
        À: test@test.com
        Nom: testeur
        Date: 12/08/2025 10:08:55
        
        Bonjour testeur,
        
        Vous avez demandé la réinitialisation de votre mot de passe pour DataAlign.
        
        Cliquez sur le lien suivant pour créer un nouveau mot de passe :
        http://localhost/reset-password/QAHbGrfAQocdyHcVjQzzFEJ2ZsIiphTT
        
        Ce lien est valide pendant 24 heures.
        
        Si vous n'avez pas demandé cette réinitialisation, ignorez cet email.
        
        Cordialement,
        L'équipe DataAlign
        
        ==========================================
        


        === EMAIL DE RÉINITIALISATION DATAALIGN ===
        
        À: test@test.com
        Nom: testeur
        Date: 12/08/2025 10:10:42
        
        Bonjour testeur,
        
        Vous avez demandé la réinitialisation de votre mot de passe pour DataAlign.
        
        Cliquez sur le lien suivant pour créer un nouveau mot de passe :
        http://localhost/reset-password/hFy2amcpgfauEG3U3fP2E2tKOSF7TiuF
        
        Ce lien est valide pendant 24 heures.
        
        Si vous n'avez pas demandé cette réinitialisation, ignorez cet email.
        
        Cordialement,
        L'équipe DataAlign
        
        ==========================================
        


        === EMAIL DE RÉINITIALISATION DATAALIGN ===
        
        À: test@test.com
        Nom: testeur
        Date: 12/08/2025 10:25:06
        
        Bonjour testeur,
        
        Vous avez demandé la réinitialisation de votre mot de passe pour DataAlign.
        
        Cliquez sur le lien suivant pour créer un nouveau mot de passe :
        http://localhost/reset-password/2WW05W4rRM7JQx558IQr2Ui6K0HcqfCx
        
        Ce lien est valide pendant 24 heures.
        
        Si vous n'avez pas demandé cette réinitialisation, ignorez cet email.
        
        Cordialement,
        L'équipe DataAlign
        
        ==========================================
        
